{
  "numFailedTestSuites": 0,
  "numFailedTests": 0,
  "numPassedTestSuites": 1,
  "numPassedTests": 31,
  "numPendingTestSuites": 0,
  "numPendingTests": 0,
  "numRuntimeErrorTestSuites": 0,
  "numTodoTests": 0,
  "numTotalTestSuites": 1,
  "numTotalTests": 31,
  "openHandles": [],
  "snapshot": {
    "added": 0,
    "didUpdate": false,
    "failure": false,
    "filesAdded": 0,
    "filesRemoved": 0,
    "filesRemovedList": [],
    "filesUnmatched": 0,
    "filesUpdated": 0,
    "matched": 0,
    "total": 0,
    "unchecked": 0,
    "uncheckedKeysByFile": [],
    "unmatched": 0,
    "updated": 0
  },
  "startTime": 1763866391547,
  "success": true,
  "testResults": [
    {
      "assertionResults": [
        {
          "ancestorTitles": [
            "Student Ranker class tests",
            "Composite student generation"
          ],
          "duration": 3,
          "failing": false,
          "failureDetails": [],
          "failureMessages": [],
          "fullName": "Student Ranker class tests Composite student generation generates a null composite student",
          "invocations": 1,
          "location": null,
          "numPassingAsserts": 1,
          "retryReasons": [],
          "startAt": 1763866392673,
          "status": "passed",
          "title": "generates a null composite student"
        },
        {
          "ancestorTitles": [
            "Student Ranker class tests",
            "Composite student generation"
          ],
          "duration": 2,
          "failing": false,
          "failureDetails": [],
          "failureMessages": [],
          "fullName": "Student Ranker class tests Composite student generation generates a composite student from one student",
          "invocations": 1,
          "location": null,
          "numPassingAsserts": 1,
          "retryReasons": [],
          "startAt": 1763866392677,
          "status": "passed",
          "title": "generates a composite student from one student"
        },
        {
          "ancestorTitles": [
            "Student Ranker class tests",
            "Composite student generation"
          ],
          "duration": 1,
          "failing": false,
          "failureDetails": [],
          "failureMessages": [],
          "fullName": "Student Ranker class tests Composite student generation generates a composite student from the team",
          "invocations": 1,
          "location": null,
          "numPassingAsserts": 1,
          "retryReasons": [],
          "startAt": 1763866392679,
          "status": "passed",
          "title": "generates a composite student from the team"
        },
        {
          "ancestorTitles": ["Student Ranker class tests", "Equality checking"],
          "duration": 1,
          "failing": false,
          "failureDetails": [],
          "failureMessages": [],
          "fullName": "Student Ranker class tests Equality checking returns false for differing value types",
          "invocations": 1,
          "location": null,
          "numPassingAsserts": 6,
          "retryReasons": [],
          "startAt": 1763866392680,
          "status": "passed",
          "title": "returns false for differing value types"
        },
        {
          "ancestorTitles": ["Student Ranker class tests", "Equality checking"],
          "duration": 0,
          "failing": false,
          "failureDetails": [],
          "failureMessages": [],
          "fullName": "Student Ranker class tests Equality checking returns false for unequal arrays, with order independence",
          "invocations": 1,
          "location": null,
          "numPassingAsserts": 2,
          "retryReasons": [],
          "startAt": 1763866392682,
          "status": "passed",
          "title": "returns false for unequal arrays, with order independence"
        },
        {
          "ancestorTitles": ["Student Ranker class tests", "Equality checking"],
          "duration": 0,
          "failing": false,
          "failureDetails": [],
          "failureMessages": [],
          "fullName": "Student Ranker class tests Equality checking returns false for unequal objects, with order independence",
          "invocations": 1,
          "location": null,
          "numPassingAsserts": 2,
          "retryReasons": [],
          "startAt": 1763866392683,
          "status": "passed",
          "title": "returns false for unequal objects, with order independence"
        },
        {
          "ancestorTitles": ["Student Ranker class tests", "Equality checking"],
          "duration": 0,
          "failing": false,
          "failureDetails": [],
          "failureMessages": [],
          "fullName": "Student Ranker class tests Equality checking returns false for unequal composite major",
          "invocations": 1,
          "location": null,
          "numPassingAsserts": 1,
          "retryReasons": [],
          "startAt": 1763866392684,
          "status": "passed",
          "title": "returns false for unequal composite major"
        },
        {
          "ancestorTitles": ["Student Ranker class tests", "Equality checking"],
          "duration": 1,
          "failing": false,
          "failureDetails": [],
          "failureMessages": [],
          "fullName": "Student Ranker class tests Equality checking returns true for equal non-object values",
          "invocations": 1,
          "location": null,
          "numPassingAsserts": 6,
          "retryReasons": [],
          "startAt": 1763866392684,
          "status": "passed",
          "title": "returns true for equal non-object values"
        },
        {
          "ancestorTitles": ["Student Ranker class tests", "Equality checking"],
          "duration": 1,
          "failing": false,
          "failureDetails": [],
          "failureMessages": [],
          "fullName": "Student Ranker class tests Equality checking returns true for equal arrays, with order independence",
          "invocations": 1,
          "location": null,
          "numPassingAsserts": 2,
          "retryReasons": [],
          "startAt": 1763866392685,
          "status": "passed",
          "title": "returns true for equal arrays, with order independence"
        },
        {
          "ancestorTitles": ["Student Ranker class tests", "Equality checking"],
          "duration": 1,
          "failing": false,
          "failureDetails": [],
          "failureMessages": [],
          "fullName": "Student Ranker class tests Equality checking returns true for equal objects, with order independence",
          "invocations": 1,
          "location": null,
          "numPassingAsserts": 2,
          "retryReasons": [],
          "startAt": 1763866392686,
          "status": "passed",
          "title": "returns true for equal objects, with order independence"
        },
        {
          "ancestorTitles": ["Student Ranker class tests", "Equality checking"],
          "duration": 1,
          "failing": false,
          "failureDetails": [],
          "failureMessages": [],
          "fullName": "Student Ranker class tests Equality checking returns true for equal composite major",
          "invocations": 1,
          "location": null,
          "numPassingAsserts": 2,
          "retryReasons": [],
          "startAt": 1763866392687,
          "status": "passed",
          "title": "returns true for equal composite major"
        },
        {
          "ancestorTitles": ["Student Ranker class tests", "Shared checking"],
          "duration": 0,
          "failing": false,
          "failureDetails": [],
          "failureMessages": [],
          "fullName": "Student Ranker class tests Shared checking returns false for non-overlapping arrays",
          "invocations": 1,
          "location": null,
          "numPassingAsserts": 2,
          "retryReasons": [],
          "startAt": 1763866392689,
          "status": "passed",
          "title": "returns false for non-overlapping arrays"
        },
        {
          "ancestorTitles": ["Student Ranker class tests", "Shared checking"],
          "duration": 0,
          "failing": false,
          "failureDetails": [],
          "failureMessages": [],
          "fullName": "Student Ranker class tests Shared checking returns false for non-overlapping array and value",
          "invocations": 1,
          "location": null,
          "numPassingAsserts": 2,
          "retryReasons": [],
          "startAt": 1763866392690,
          "status": "passed",
          "title": "returns false for non-overlapping array and value"
        },
        {
          "ancestorTitles": ["Student Ranker class tests", "Shared checking"],
          "duration": 1,
          "failing": false,
          "failureDetails": [],
          "failureMessages": [],
          "fullName": "Student Ranker class tests Shared checking returns false for unequal values",
          "invocations": 1,
          "location": null,
          "numPassingAsserts": 2,
          "retryReasons": [],
          "startAt": 1763866392690,
          "status": "passed",
          "title": "returns false for unequal values"
        },
        {
          "ancestorTitles": ["Student Ranker class tests", "Shared checking"],
          "duration": 0,
          "failing": false,
          "failureDetails": [],
          "failureMessages": [],
          "fullName": "Student Ranker class tests Shared checking returns true for overlapping arrays",
          "invocations": 1,
          "location": null,
          "numPassingAsserts": 2,
          "retryReasons": [],
          "startAt": 1763866392691,
          "status": "passed",
          "title": "returns true for overlapping arrays"
        },
        {
          "ancestorTitles": ["Student Ranker class tests", "Shared checking"],
          "duration": 1,
          "failing": false,
          "failureDetails": [],
          "failureMessages": [],
          "fullName": "Student Ranker class tests Shared checking returns true for overlapping array and value",
          "invocations": 1,
          "location": null,
          "numPassingAsserts": 2,
          "retryReasons": [],
          "startAt": 1763866392691,
          "status": "passed",
          "title": "returns true for overlapping array and value"
        },
        {
          "ancestorTitles": ["Student Ranker class tests", "Shared checking"],
          "duration": 0,
          "failing": false,
          "failureDetails": [],
          "failureMessages": [],
          "fullName": "Student Ranker class tests Shared checking returns true for equal values",
          "invocations": 1,
          "location": null,
          "numPassingAsserts": 2,
          "retryReasons": [],
          "startAt": 1763866392692,
          "status": "passed",
          "title": "returns true for equal values"
        },
        {
          "ancestorTitles": [
            "Student Ranker class tests",
            "Proximity checking"
          ],
          "duration": 0,
          "failing": false,
          "failureDetails": [],
          "failureMessages": [],
          "fullName": "Student Ranker class tests Proximity checking returns false for failed external proximity boundary check",
          "invocations": 1,
          "location": null,
          "numPassingAsserts": 2,
          "retryReasons": [],
          "startAt": 1763866392693,
          "status": "passed",
          "title": "returns false for failed external proximity boundary check"
        },
        {
          "ancestorTitles": [
            "Student Ranker class tests",
            "Proximity checking"
          ],
          "duration": 1,
          "failing": false,
          "failureDetails": [],
          "failureMessages": [],
          "fullName": "Student Ranker class tests Proximity checking returns false for failed internal proximity boundary check",
          "invocations": 1,
          "location": null,
          "numPassingAsserts": 2,
          "retryReasons": [],
          "startAt": 1763866392693,
          "status": "passed",
          "title": "returns false for failed internal proximity boundary check"
        },
        {
          "ancestorTitles": [
            "Student Ranker class tests",
            "Proximity checking"
          ],
          "duration": 0,
          "failing": false,
          "failureDetails": [],
          "failureMessages": [],
          "fullName": "Student Ranker class tests Proximity checking returns true for passed external proximity boundary check on boundary",
          "invocations": 1,
          "location": null,
          "numPassingAsserts": 2,
          "retryReasons": [],
          "startAt": 1763866392694,
          "status": "passed",
          "title": "returns true for passed external proximity boundary check on boundary"
        },
        {
          "ancestorTitles": [
            "Student Ranker class tests",
            "Proximity checking"
          ],
          "duration": 0,
          "failing": false,
          "failureDetails": [],
          "failureMessages": [],
          "fullName": "Student Ranker class tests Proximity checking returns true for passed internal proximity boundary check on boundary",
          "invocations": 1,
          "location": null,
          "numPassingAsserts": 2,
          "retryReasons": [],
          "startAt": 1763866392695,
          "status": "passed",
          "title": "returns true for passed internal proximity boundary check on boundary"
        },
        {
          "ancestorTitles": [
            "Student Ranker class tests",
            "Proximity checking"
          ],
          "duration": 1,
          "failing": false,
          "failureDetails": [],
          "failureMessages": [],
          "fullName": "Student Ranker class tests Proximity checking returns true for passed external proximity boundary check not on boundary",
          "invocations": 1,
          "location": null,
          "numPassingAsserts": 2,
          "retryReasons": [],
          "startAt": 1763866392696,
          "status": "passed",
          "title": "returns true for passed external proximity boundary check not on boundary"
        },
        {
          "ancestorTitles": [
            "Student Ranker class tests",
            "Proximity checking"
          ],
          "duration": 1,
          "failing": false,
          "failureDetails": [],
          "failureMessages": [],
          "fullName": "Student Ranker class tests Proximity checking returns true for passed internal proximity boundary check not on boundary",
          "invocations": 1,
          "location": null,
          "numPassingAsserts": 2,
          "retryReasons": [],
          "startAt": 1763866392697,
          "status": "passed",
          "title": "returns true for passed internal proximity boundary check not on boundary"
        },
        {
          "ancestorTitles": [
            "Student Ranker class tests",
            "Name list matching"
          ],
          "duration": 1,
          "failing": false,
          "failureDetails": [],
          "failureMessages": [],
          "fullName": "Student Ranker class tests Name list matching returns false for no found overlap",
          "invocations": 1,
          "location": null,
          "numPassingAsserts": 2,
          "retryReasons": [],
          "startAt": 1763866392698,
          "status": "passed",
          "title": "returns false for no found overlap"
        },
        {
          "ancestorTitles": [
            "Student Ranker class tests",
            "Name list matching"
          ],
          "duration": 0,
          "failing": false,
          "failureDetails": [],
          "failureMessages": [],
          "fullName": "Student Ranker class tests Name list matching returns true for found overlap, composite -> student",
          "invocations": 1,
          "location": null,
          "numPassingAsserts": 2,
          "retryReasons": [],
          "startAt": 1763866392699,
          "status": "passed",
          "title": "returns true for found overlap, composite -> student"
        },
        {
          "ancestorTitles": [
            "Student Ranker class tests",
            "Name list matching"
          ],
          "duration": 0,
          "failing": false,
          "failureDetails": [],
          "failureMessages": [],
          "fullName": "Student Ranker class tests Name list matching returns true for found overlap, student -> composite",
          "invocations": 1,
          "location": null,
          "numPassingAsserts": 2,
          "retryReasons": [],
          "startAt": 1763866392700,
          "status": "passed",
          "title": "returns true for found overlap, student -> composite"
        },
        {
          "ancestorTitles": [
            "Student Ranker class tests",
            "Student comparison"
          ],
          "duration": 1,
          "failing": false,
          "failureDetails": [],
          "failureMessages": [],
          "fullName": "Student Ranker class tests Student comparison compares a high priority student",
          "invocations": 1,
          "location": null,
          "numPassingAsserts": 1,
          "retryReasons": [],
          "startAt": 1763866392700,
          "status": "passed",
          "title": "compares a high priority student"
        },
        {
          "ancestorTitles": [
            "Student Ranker class tests",
            "Student comparison"
          ],
          "duration": 1,
          "failing": false,
          "failureDetails": [],
          "failureMessages": [],
          "fullName": "Student Ranker class tests Student comparison compares an already teamed student",
          "invocations": 1,
          "location": null,
          "numPassingAsserts": 1,
          "retryReasons": [],
          "startAt": 1763866392701,
          "status": "passed",
          "title": "compares an already teamed student"
        },
        {
          "ancestorTitles": [
            "Student Ranker class tests",
            "Student comparison"
          ],
          "duration": 1,
          "failing": false,
          "failureDetails": [],
          "failureMessages": [],
          "fullName": "Student Ranker class tests Student comparison compares an incompatible student",
          "invocations": 1,
          "location": null,
          "numPassingAsserts": 1,
          "retryReasons": [],
          "startAt": 1763866392702,
          "status": "passed",
          "title": "compares an incompatible student"
        },
        {
          "ancestorTitles": [
            "Student Ranker class tests",
            "Suggestion generation"
          ],
          "duration": 1,
          "failing": false,
          "failureDetails": [],
          "failureMessages": [],
          "fullName": "Student Ranker class tests Suggestion generation returns an empty list",
          "invocations": 1,
          "location": null,
          "numPassingAsserts": 1,
          "retryReasons": [],
          "startAt": 1763866392703,
          "status": "passed",
          "title": "returns an empty list"
        },
        {
          "ancestorTitles": [
            "Student Ranker class tests",
            "Suggestion generation"
          ],
          "duration": 2,
          "failing": false,
          "failureDetails": [],
          "failureMessages": [],
          "fullName": "Student Ranker class tests Suggestion generation returns a list of students ranked in comparison to the team, sorted in descending weighted order",
          "invocations": 1,
          "location": null,
          "numPassingAsserts": 1,
          "retryReasons": [],
          "startAt": 1763866392705,
          "status": "passed",
          "title": "returns a list of students ranked in comparison to the team, sorted in descending weighted order"
        }
      ],
      "endTime": 1763866392709,
      "message": "",
      "name": "C:\\Users\\isaac\\School\\fall25\\cap\\falafel\\client\\__tests__\\ranking-algo.test.jsx",
      "startTime": 1763866392292,
      "status": "passed",
      "summary": ""
    }
  ],
  "wasInterrupted": false
}
